<?xml version="1.0" encoding="UTF-8"?>
<testng-results ignored="0" total="1" passed="1" failed="0" skipped="0">
  <reporter-output>
  </reporter-output>
  <suite started-at="2026-03-27T11:05:09 IST" name="Suite" finished-at="2026-03-27T11:05:09 IST" duration-ms="84">
    <groups>
      <group name="smoke">
        <method signature="Demo1Test.Dhurandhar()[pri:0, instance:Practice.Demo1Test@1d2adfbe]" name="Dhurandhar" class="Practice.Demo1Test"/>
      </group> <!-- smoke -->
    </groups>
    <test started-at="2026-03-27T11:05:09 IST" name="Test" finished-at="2026-03-27T11:05:09 IST" duration-ms="84">
      <class name="Practice.Demo1Test">
        <test-method signature="Dhurandhar()[pri:0, instance:Practice.Demo1Test@1d2adfbe]" started-at="2026-03-27T11:05:09 IST" name="Dhurandhar" finished-at="2026-03-27T11:05:09 IST" duration-ms="15" status="PASS">
          <reporter-output>
          </reporter-output>
        </test-method> <!-- Dhurandhar -->
      </class> <!-- Practice.Demo1Test -->
    </test> <!-- Test -->
  </suite> <!-- Suite -->
</testng-results>
